<?xml version="1.0" encoding="UTF-8"?>
<testsuite name="edu.jsu.mcis.ConverterTest" tests="2" skipped="0" failures="1" errors="0" timestamp="2016-09-24T01:14:30" hostname="Mendi" time="0.214">
  <properties/>
  <testcase name="testConvertCSVtoJSON" classname="edu.jsu.mcis.ConverterTest" time="0.151"/>
  <testcase name="testConvertJSONtoCSV" classname="edu.jsu.mcis.ConverterTest" time="0.063">
    <failure message="org.junit.ComparisonFailure: expected:&lt;...signment 2&quot;,&quot;Exam 1&quot;[&#10;&quot;111278&quot;,&quot;611&quot;,&quot;146&quot;,&quot;128&quot;,&quot;337&quot;&#10;&quot;111352&quot;,&quot;867&quot;,&quot;227&quot;,&quot;228&quot;,&quot;412&quot;&#10;&quot;111373&quot;,&quot;461&quot;,&quot;96&quot;,&quot;90&quot;,&quot;275&quot;&#10;&quot;111305&quot;,&quot;835&quot;,&quot;220&quot;,&quot;217&quot;,&quot;398&quot;&#10;&quot;111399&quot;,&quot;898&quot;,&quot;226&quot;,&quot;229&quot;,&quot;443&quot;&#10;&quot;111160&quot;,&quot;454&quot;,&quot;77&quot;,&quot;125&quot;,&quot;252&quot;&#10;&quot;111276&quot;,&quot;579&quot;,&quot;130&quot;,&quot;111&quot;,&quot;338&quot;&#10;&quot;111241&quot;,&quot;973&quot;,&quot;236&quot;,&quot;237&quot;,&quot;500&quot;]&#10;&gt; but was:&lt;...signment 2&quot;,&quot;Exam 1&quot;[&#13;&#10;&quot;111278&quot;,&quot;611&quot;,&quot;146&quot;,&quot;128&quot;,&quot;337&quot;&#13;&#10;&quot;111352&quot;,&quot;867&quot;,&quot;227&quot;,&quot;228&quot;,&quot;412&quot;&#13;&#10;&quot;111373&quot;,&quot;461&quot;,&quot;96&quot;,&quot;90&quot;,&quot;275&quot;&#13;&#10;&quot;111305&quot;,&quot;835&quot;,&quot;220&quot;,&quot;217&quot;,&quot;398&quot;&#13;&#10;&quot;111399&quot;,&quot;898&quot;,&quot;226&quot;,&quot;229&quot;,&quot;443&quot;&#13;&#10;&quot;111160&quot;,&quot;454&quot;,&quot;77&quot;,&quot;125&quot;,&quot;252&quot;&#13;&#10;&quot;111276&quot;,&quot;579&quot;,&quot;130&quot;,&quot;111&quot;,&quot;338&quot;&#13;&#10;&quot;111241&quot;,&quot;973&quot;,&quot;236&quot;,&quot;237&quot;,&quot;500&quot;&#13;]&#10;&gt;" type="org.junit.ComparisonFailure">org.junit.ComparisonFailure: expected:&lt;...signment 2&quot;,&quot;Exam 1&quot;[
&quot;111278&quot;,&quot;611&quot;,&quot;146&quot;,&quot;128&quot;,&quot;337&quot;
&quot;111352&quot;,&quot;867&quot;,&quot;227&quot;,&quot;228&quot;,&quot;412&quot;
&quot;111373&quot;,&quot;461&quot;,&quot;96&quot;,&quot;90&quot;,&quot;275&quot;
&quot;111305&quot;,&quot;835&quot;,&quot;220&quot;,&quot;217&quot;,&quot;398&quot;
&quot;111399&quot;,&quot;898&quot;,&quot;226&quot;,&quot;229&quot;,&quot;443&quot;
&quot;111160&quot;,&quot;454&quot;,&quot;77&quot;,&quot;125&quot;,&quot;252&quot;
&quot;111276&quot;,&quot;579&quot;,&quot;130&quot;,&quot;111&quot;,&quot;338&quot;
&quot;111241&quot;,&quot;973&quot;,&quot;236&quot;,&quot;237&quot;,&quot;500&quot;]
&gt; but was:&lt;...signment 2&quot;,&quot;Exam 1&quot;[
&quot;111278&quot;,&quot;611&quot;,&quot;146&quot;,&quot;128&quot;,&quot;337&quot;
&quot;111352&quot;,&quot;867&quot;,&quot;227&quot;,&quot;228&quot;,&quot;412&quot;
&quot;111373&quot;,&quot;461&quot;,&quot;96&quot;,&quot;90&quot;,&quot;275&quot;
&quot;111305&quot;,&quot;835&quot;,&quot;220&quot;,&quot;217&quot;,&quot;398&quot;
&quot;111399&quot;,&quot;898&quot;,&quot;226&quot;,&quot;229&quot;,&quot;443&quot;
&quot;111160&quot;,&quot;454&quot;,&quot;77&quot;,&quot;125&quot;,&quot;252&quot;
&quot;111276&quot;,&quot;579&quot;,&quot;130&quot;,&quot;111&quot;,&quot;338&quot;
&quot;111241&quot;,&quot;973&quot;,&quot;236&quot;,&quot;237&quot;,&quot;500&quot;]
&gt;
	at org.junit.Assert.assertEquals(Assert.java:115)
	at org.junit.Assert.assertEquals(Assert.java:144)
	at edu.jsu.mcis.ConverterTest.testConvertJSONtoCSV(ConverterTest.java:49)
	at sun.reflect.NativeMethodAccessorImpl.invoke0(Native Method)
	at sun.reflect.NativeMethodAccessorImpl.invoke(NativeMethodAccessorImpl.java:62)
	at sun.reflect.DelegatingMethodAccessorImpl.invoke(DelegatingMethodAccessorImpl.java:43)
	at java.lang.reflect.Method.invoke(Method.java:497)
	at org.junit.runners.model.FrameworkMethod$1.runReflectiveCall(FrameworkMethod.java:50)
	at org.junit.internal.runners.model.ReflectiveCallable.run(ReflectiveCallable.java:12)
	at org.junit.runners.model.FrameworkMethod.invokeExplosively(FrameworkMethod.java:47)
	at org.junit.internal.runners.statements.InvokeMethod.evaluate(InvokeMethod.java:17)
	at org.junit.internal.runners.statements.RunBefores.evaluate(RunBefores.java:26)
	at org.junit.runners.ParentRunner.runLeaf(ParentRunner.java:325)
	at org.junit.runners.BlockJUnit4ClassRunner.runChild(BlockJUnit4ClassRunner.java:78)
	at org.junit.runners.BlockJUnit4ClassRunner.runChild(BlockJUnit4ClassRunner.java:57)
	at org.junit.runners.ParentRunner$3.run(ParentRunner.java:290)
	at org.junit.runners.ParentRunner$1.schedule(ParentRunner.java:71)
	at org.junit.runners.ParentRunner.runChildren(ParentRunner.java:288)
	at org.junit.runners.ParentRunner.access$000(ParentRunner.java:58)
	at org.junit.runners.ParentRunner$2.evaluate(ParentRunner.java:268)
	at org.junit.runners.ParentRunner.run(ParentRunner.java:363)
	at org.gradle.api.internal.tasks.testing.junit.JUnitTestClassExecuter.runTestClass(JUnitTestClassExecuter.java:114)
	at org.gradle.api.internal.tasks.testing.junit.JUnitTestClassExecuter.execute(JUnitTestClassExecuter.java:57)
	at org.gradle.api.internal.tasks.testing.junit.JUnitTestClassProcessor.processTestClass(JUnitTestClassProcessor.java:66)
	at org.gradle.api.internal.tasks.testing.SuiteTestClassProcessor.processTestClass(SuiteTestClassProcessor.java:51)
	at sun.reflect.NativeMethodAccessorImpl.invoke0(Native Method)
	at sun.reflect.NativeMethodAccessorImpl.invoke(NativeMethodAccessorImpl.java:62)
	at sun.reflect.DelegatingMethodAccessorImpl.invoke(DelegatingMethodAccessorImpl.java:43)
	at java.lang.reflect.Method.invoke(Method.java:497)
	at org.gradle.internal.dispatch.ReflectionDispatch.dispatch(ReflectionDispatch.java:35)
	at org.gradle.internal.dispatch.ReflectionDispatch.dispatch(ReflectionDispatch.java:24)
	at org.gradle.internal.dispatch.ContextClassLoaderDispatch.dispatch(ContextClassLoaderDispatch.java:32)
	at org.gradle.internal.dispatch.ProxyDispatchAdapter$DispatchingInvocationHandler.invoke(ProxyDispatchAdapter.java:93)
	at com.sun.proxy.$Proxy2.processTestClass(Unknown Source)
	at org.gradle.api.internal.tasks.testing.worker.TestWorker.processTestClass(TestWorker.java:109)
	at sun.reflect.NativeMethodAccessorImpl.invoke0(Native Method)
	at sun.reflect.NativeMethodAccessorImpl.invoke(NativeMethodAccessorImpl.java:62)
	at sun.reflect.DelegatingMethodAccessorImpl.invoke(DelegatingMethodAccessorImpl.java:43)
	at java.lang.reflect.Method.invoke(Method.java:497)
	at org.gradle.internal.dispatch.ReflectionDispatch.dispatch(ReflectionDispatch.java:35)
	at org.gradle.internal.dispatch.ReflectionDispatch.dispatch(ReflectionDispatch.java:24)
	at org.gradle.internal.remote.internal.hub.MessageHub$Handler.run(MessageHub.java:377)
	at org.gradle.internal.concurrent.ExecutorPolicy$CatchAndRecordFailures.onExecute(ExecutorPolicy.java:54)
	at org.gradle.internal.concurrent.StoppableExecutorImpl$1.run(StoppableExecutorImpl.java:40)
	at java.util.concurrent.ThreadPoolExecutor.runWorker(ThreadPoolExecutor.java:1142)
	at java.util.concurrent.ThreadPoolExecutor$Worker.run(ThreadPoolExecutor.java:617)
	at java.lang.Thread.run(Thread.java:745)
</failure>
  </testcase>
  <system-out><![CDATA[]]></system-out>
  <system-err><![CDATA[]]></system-err>
</testsuite>
